<?xml version="1.0" encoding="UTF-8"?>
<testng-results total="1" passed="1" failed="0" skipped="0">
  <reporter-output>
  </reporter-output>
  <suite started-at="2022-12-05T10:54:54Z" name="Default suite" finished-at="2022-12-05T10:55:01Z" duration-ms="7820">
    <groups>
    </groups>
    <test started-at="2022-12-05T10:54:54Z" name="Default test" finished-at="2022-12-05T10:55:01Z" duration-ms="7820">
      <class name="appium.tests.TC002_Test">
        <test-method is-config="true" signature="initializer()[pri:0, instance:appium.tests.TC002_Test@48d61b48]" started-at="2022-12-05T16:24:54Z" name="initializer" finished-at="2022-12-05T16:24:58Z" duration-ms="4739" status="PASS">
          <reporter-output>
          </reporter-output>
        </test-method> <!-- initializer -->
        <test-method signature="testCaseTwo()[pri:0, instance:appium.tests.TC002_Test@48d61b48]" started-at="2022-12-05T16:24:58Z" name="testCaseTwo" finished-at="2022-12-05T16:25:01Z" duration-ms="2946" status="PASS">
          <reporter-output>
          </reporter-output>
        </test-method> <!-- testCaseTwo -->
        <test-method is-config="true" signature="teardown()[pri:0, instance:appium.tests.TC002_Test@48d61b48]" started-at="2022-12-05T16:25:01Z" name="teardown" finished-at="2022-12-05T16:25:01Z" duration-ms="116" status="PASS">
          <reporter-output>
          </reporter-output>
        </test-method> <!-- teardown -->
      </class> <!-- appium.tests.TC002_Test -->
    </test> <!-- Default test -->
  </suite> <!-- Default suite -->
</testng-results>
